<?xml version="1.0" encoding="UTF-8"?>
<!-- Generated by org.testng.reporters.JUnitXMLReporter -->
<testsuite ignored="0" hostname="DESKTOP-BL2895T" failures="0" tests="4" name="Execute All Amazon Classes in a Batch" time="129.724" errors="0" timestamp="2021-05-03T23:52:56 IST">
  <testcase classname="com.amazon.qa.testcases.SignInPageTest" name="ValidateSignInPageTitle" time="0.01"/>
  <testcase classname="com.amazon.qa.testcases.SignInPageTest" name="signInPageLogoTest" time="0.047"/>
  <testcase classname="com.amazon.qa.testcases.SignInPageTest" name="signInPageContinueTest" time="12.326"/>
  <testcase classname="com.amazon.qa.testcases.SignInPageTest" name="validateCreateYourAmazonAccount" time="1.54"/>
</testsuite> <!-- Execute All Amazon Classes in a Batch -->
