<?xml version="1.0" encoding="UTF-8"?>
<testng-results ignored="0" total="4" passed="4" failed="0" skipped="0">
  <reporter-output>
  </reporter-output>
  <suite started-at="2021-05-03T23:50:46 IST" name="Free CRM Batch Test" finished-at="2021-05-03T23:52:56 IST" duration-ms="129724">
    <groups>
    </groups>
    <test started-at="2021-05-03T23:50:46 IST" name="Execute All Amazon Classes in a Batch" finished-at="2021-05-03T23:52:56 IST" duration-ms="129724">
      <class name="com.amazon.qa.testcases.SignInPageTest">
        <test-method is-config="true" signature="Setup()[pri:0, instance:com.amazon.qa.testcases.SignInPageTest@4a7f959b]" started-at="2021-05-03T23:50:46 IST" name="Setup" finished-at="2021-05-03T23:51:23 IST" duration-ms="37142" status="PASS">
          <reporter-output>
          </reporter-output>
        </test-method> <!-- Setup -->
        <test-method signature="ValidateSignInPageTitle()[pri:1, instance:com.amazon.qa.testcases.SignInPageTest@4a7f959b]" started-at="2021-05-03T23:51:23 IST" name="ValidateSignInPageTitle" finished-at="2021-05-03T23:51:23 IST" duration-ms="10" status="PASS">
          <reporter-output>
          </reporter-output>
        </test-method> <!-- ValidateSignInPageTitle -->
        <test-method is-config="true" signature="tearDown()[pri:0, instance:com.amazon.qa.testcases.SignInPageTest@4a7f959b]" started-at="2021-05-03T23:51:23 IST" name="tearDown" finished-at="2021-05-03T23:51:24 IST" duration-ms="649" status="PASS">
          <reporter-output>
          </reporter-output>
        </test-method> <!-- tearDown -->
        <test-method is-config="true" signature="Setup()[pri:0, instance:com.amazon.qa.testcases.SignInPageTest@4a7f959b]" started-at="2021-05-03T23:51:24 IST" name="Setup" finished-at="2021-05-03T23:51:55 IST" duration-ms="31440" status="PASS">
          <reporter-output>
          </reporter-output>
        </test-method> <!-- Setup -->
        <test-method signature="signInPageLogoTest()[pri:2, instance:com.amazon.qa.testcases.SignInPageTest@4a7f959b]" started-at="2021-05-03T23:51:55 IST" name="signInPageLogoTest" finished-at="2021-05-03T23:51:56 IST" duration-ms="47" status="PASS">
          <reporter-output>
          </reporter-output>
        </test-method> <!-- signInPageLogoTest -->
        <test-method is-config="true" signature="tearDown()[pri:0, instance:com.amazon.qa.testcases.SignInPageTest@4a7f959b]" started-at="2021-05-03T23:51:56 IST" name="tearDown" finished-at="2021-05-03T23:51:56 IST" duration-ms="644" status="PASS">
          <reporter-output>
          </reporter-output>
        </test-method> <!-- tearDown -->
        <test-method is-config="true" signature="Setup()[pri:0, instance:com.amazon.qa.testcases.SignInPageTest@4a7f959b]" started-at="2021-05-03T23:51:56 IST" name="Setup" finished-at="2021-05-03T23:52:18 IST" duration-ms="21962" status="PASS">
          <reporter-output>
          </reporter-output>
        </test-method> <!-- Setup -->
        <test-method signature="signInPageContinueTest()[pri:3, instance:com.amazon.qa.testcases.SignInPageTest@4a7f959b]" started-at="2021-05-03T23:52:18 IST" name="signInPageContinueTest" finished-at="2021-05-03T23:52:30 IST" duration-ms="12326" status="PASS">
          <reporter-output>
          </reporter-output>
        </test-method> <!-- signInPageContinueTest -->
        <test-method is-config="true" signature="tearDown()[pri:0, instance:com.amazon.qa.testcases.SignInPageTest@4a7f959b]" started-at="2021-05-03T23:52:30 IST" name="tearDown" finished-at="2021-05-03T23:52:31 IST" duration-ms="638" status="PASS">
          <reporter-output>
          </reporter-output>
        </test-method> <!-- tearDown -->
        <test-method is-config="true" signature="Setup()[pri:0, instance:com.amazon.qa.testcases.SignInPageTest@4a7f959b]" started-at="2021-05-03T23:52:31 IST" name="Setup" finished-at="2021-05-03T23:52:54 IST" duration-ms="22607" status="PASS">
          <reporter-output>
          </reporter-output>
        </test-method> <!-- Setup -->
        <test-method signature="validateCreateYourAmazonAccount()[pri:4, instance:com.amazon.qa.testcases.SignInPageTest@4a7f959b]" started-at="2021-05-03T23:52:54 IST" name="validateCreateYourAmazonAccount" finished-at="2021-05-03T23:52:55 IST" duration-ms="1540" status="PASS">
          <reporter-output>
          </reporter-output>
        </test-method> <!-- validateCreateYourAmazonAccount -->
        <test-method is-config="true" signature="tearDown()[pri:0, instance:com.amazon.qa.testcases.SignInPageTest@4a7f959b]" started-at="2021-05-03T23:52:55 IST" name="tearDown" finished-at="2021-05-03T23:52:56 IST" duration-ms="652" status="PASS">
          <reporter-output>
          </reporter-output>
        </test-method> <!-- tearDown -->
      </class> <!-- com.amazon.qa.testcases.SignInPageTest -->
    </test> <!-- Execute All Amazon Classes in a Batch -->
  </suite> <!-- Free CRM Batch Test -->
</testng-results>
